"C:\Program Files\Java\jdk-19.0.2\bin\java.exe" "-javaagent:C:\Program Files\JetBrains\IntelliJ IDEA Community Edition 2023.1.2\lib\idea_rt.jar=49703:C:\Program Files\JetBrains\IntelliJ IDEA Community Edition 2023.1.2\bin" -Dfile.encoding=UTF-8 -Dsun.stdout.encoding=UTF-8 -Dsun.stderr.encoding=UTF-8 -classpath C:\java\conservatoire-saint-viateur6\conservatoire-saint-viateur\target\classes;C:\Users\Tryphène\.m2\repository\org\springframework\boot\spring-boot-starter-data-jpa\2.7.13\spring-boot-starter-data-jpa-2.7.13.jar;C:\Users\Tryphène\.m2\repository\org\springframework\boot\spring-boot-starter-aop\2.7.13\spring-boot-starter-aop-2.7.13.jar;C:\Users\Tryphène\.m2\repository\org\aspectj\aspectjweaver\1.9.7\aspectjweaver-1.9.7.jar;C:\Users\Tryphène\.m2\repository\org\springframework\boot\spring-boot-starter-jdbc\2.7.13\spring-boot-starter-jdbc-2.7.13.jar;C:\Users\Tryphène\.m2\repository\com\zaxxer\HikariCP\4.0.3\HikariCP-4.0.3.jar;C:\Users\Tryphène\.m2\repository\org\springframework\spring-jdbc\5.3.28\spring-jdbc-5.3.28.jar;C:\Users\Tryphène\.m2\repository\jakarta\transaction\jakarta.transaction-api\1.3.3\jakarta.transaction-api-1.3.3.jar;C:\Users\Tryphène\.m2\repository\jakarta\persistence\jakarta.persistence-api\2.2.3\jakarta.persistence-api-2.2.3.jar;C:\Users\Tryphène\.m2\repository\org\hibernate\hibernate-core\5.6.15.Final\hibernate-core-5.6.15.Final.jar;C:\Users\Tryphène\.m2\repository\org\jboss\logging\jboss-logging\3.4.3.Final\jboss-logging-3.4.3.Final.jar;C:\Users\Tryphène\.m2\repository\net\bytebuddy\byte-buddy\1.12.23\byte-buddy-1.12.23.jar;C:\Users\Tryphène\.m2\repository\antlr\antlr\2.7.7\antlr-2.7.7.jar;C:\Users\Tryphène\.m2\repository\org\jboss\jandex\2.4.2.Final\jandex-2.4.2.Final.jar;C:\Users\Tryphène\.m2\repository\com\fasterxml\classmate\1.5.1\classmate-1.5.1.jar;C:\Users\Tryphène\.m2\repository\org\hibernate\common\hibernate-commons-annotations\5.1.2.Final\hibernate-commons-annotations-5.1.2.Final.jar;C:\Users\Tryphène\.m2\repository\org\glassfish\jaxb\jaxb-runtime\2.3.8\jaxb-runtime-2.3.8.jar;C:\Users\Tryphène\.m2\repository\org\glassfish\jaxb\txw2\2.3.8\txw2-2.3.8.jar;C:\Users\Tryphène\.m2\repository\com\sun\istack\istack-commons-runtime\3.0.12\istack-commons-runtime-3.0.12.jar;C:\Users\Tryphène\.m2\repository\org\springframework\data\spring-data-jpa\2.7.13\spring-data-jpa-2.7.13.jar;C:\Users\Tryphène\.m2\repository\org\springframework\data\spring-data-commons\2.7.13\spring-data-commons-2.7.13.jar;C:\Users\Tryphène\.m2\repository\org\springframework\spring-orm\5.3.28\spring-orm-5.3.28.jar;C:\Users\Tryphène\.m2\repository\org\springframework\spring-context\5.3.28\spring-context-5.3.28.jar;C:\Users\Tryphène\.m2\repository\org\springframework\spring-tx\5.3.28\spring-tx-5.3.28.jar;C:\Users\Tryphène\.m2\repository\org\springframework\spring-beans\5.3.28\spring-beans-5.3.28.jar;C:\Users\Tryphène\.m2\repository\org\slf4j\slf4j-api\1.7.36\slf4j-api-1.7.36.jar;C:\Users\Tryphène\.m2\repository\org\springframework\spring-aspects\5.3.28\spring-aspects-5.3.28.jar;C:\Users\Tryphène\.m2\repository\org\springframework\boot\spring-boot-starter-web\2.7.13\spring-boot-starter-web-2.7.13.jar;C:\Users\Tryphène\.m2\repository\org\springframework\boot\spring-boot-starter\2.7.13\spring-boot-starter-2.7.13.jar;C:\Users\Tryphène\.m2\repository\org\springframework\boot\spring-boot-starter-logging\2.7.13\spring-boot-starter-logging-2.7.13.jar;C:\Users\Tryphène\.m2\repository\ch\qos\logback\logback-classic\1.2.12\logback-classic-1.2.12.jar;C:\Users\Tryphène\.m2\repository\ch\qos\logback\logback-core\1.2.12\logback-core-1.2.12.jar;C:\Users\Tryphène\.m2\repository\org\apache\logging\log4j\log4j-to-slf4j\2.17.2\log4j-to-slf4j-2.17.2.jar;C:\Users\Tryphène\.m2\repository\org\apache\logging\log4j\log4j-api\2.17.2\log4j-api-2.17.2.jar;C:\Users\Tryphène\.m2\repository\org\slf4j\jul-to-slf4j\1.7.36\jul-to-slf4j-1.7.36.jar;C:\Users\Tryphène\.m2\repository\jakarta\annotation\jakarta.annotation-api\1.3.5\jakarta.annotation-api-1.3.5.jar;C:\Users\Tryphène\.m2\repository\org\yaml\snakeyaml\1.30\snakeyaml-1.30.jar;C:\Users\Tryphène\.m2\repository\org\springframework\boot\spring-boot-starter-json\2.7.13\spring-boot-starter-json-2.7.13.jar;C:\Users\Tryphène\.m2\repository\com\fasterxml\jackson\datatype\jackson-datatype-jdk8\2.13.5\jackson-datatype-jdk8-2.13.5.jar;C:\Users\Tryphène\.m2\repository\com\fasterxml\jackson\datatype\jackson-datatype-jsr310\2.13.5\jackson-datatype-jsr310-2.13.5.jar;C:\Users\Tryphène\.m2\repository\com\fasterxml\jackson\module\jackson-module-parameter-names\2.13.5\jackson-module-parameter-names-2.13.5.jar;C:\Users\Tryphène\.m2\repository\org\springframework\boot\spring-boot-starter-tomcat\2.7.13\spring-boot-starter-tomcat-2.7.13.jar;C:\Users\Tryphène\.m2\repository\org\apache\tomcat\embed\tomcat-embed-core\9.0.76\tomcat-embed-core-9.0.76.jar;C:\Users\Tryphène\.m2\repository\org\apache\tomcat\embed\tomcat-embed-el\9.0.76\tomcat-embed-el-9.0.76.jar;C:\Users\Tryphène\.m2\repository\org\apache\tomcat\embed\tomcat-embed-websocket\9.0.76\tomcat-embed-websocket-9.0.76.jar;C:\Users\Tryphène\.m2\repository\org\springframework\spring-web\5.3.28\spring-web-5.3.28.jar;C:\Users\Tryphène\.m2\repository\org\springframework\spring-webmvc\5.3.28\spring-webmvc-5.3.28.jar;C:\Users\Tryphène\.m2\repository\org\springframework\spring-expression\5.3.28\spring-expression-5.3.28.jar;C:\Users\Tryphène\.m2\repository\org\springframework\boot\spring-boot-devtools\2.7.13\spring-boot-devtools-2.7.13.jar;C:\Users\Tryphène\.m2\repository\org\springframework\boot\spring-boot\2.7.13\spring-boot-2.7.13.jar;C:\Users\Tryphène\.m2\repository\org\springframework\boot\spring-boot-autoconfigure\2.7.13\spring-boot-autoconfigure-2.7.13.jar;C:\Users\Tryphène\.m2\repository\org\springframework\boot\spring-boot-starter-mail\2.7.13\spring-boot-starter-mail-2.7.13.jar;C:\Users\Tryphène\.m2\repository\org\springframework\spring-context-support\5.3.28\spring-context-support-5.3.28.jar;C:\Users\Tryphène\.m2\repository\com\sun\mail\jakarta.mail\1.6.7\jakarta.mail-1.6.7.jar;C:\Users\Tryphène\.m2\repository\com\sun\activation\jakarta.activation\1.2.2\jakarta.activation-1.2.2.jar;C:\Users\Tryphène\.m2\repository\org\springframework\boot\spring-boot-starter-security\2.7.13\spring-boot-starter-security-2.7.13.jar;C:\Users\Tryphène\.m2\repository\org\springframework\spring-aop\5.3.28\spring-aop-5.3.28.jar;C:\Users\Tryphène\.m2\repository\org\springframework\security\spring-security-config\5.7.9\spring-security-config-5.7.9.jar;C:\Users\Tryphène\.m2\repository\org\springframework\security\spring-security-core\5.7.9\spring-security-core-5.7.9.jar;C:\Users\Tryphène\.m2\repository\org\springframework\security\spring-security-crypto\5.7.9\spring-security-crypto-5.7.9.jar;C:\Users\Tryphène\.m2\repository\org\springframework\security\spring-security-web\5.7.9\spring-security-web-5.7.9.jar;C:\Users\Tryphène\.m2\repository\io\jsonwebtoken\jjwt\0.9.1\jjwt-0.9.1.jar;C:\Users\Tryphène\.m2\repository\com\fasterxml\jackson\core\jackson-databind\2.13.5\jackson-databind-2.13.5.jar;C:\Users\Tryphène\.m2\repository\com\fasterxml\jackson\core\jackson-annotations\2.13.5\jackson-annotations-2.13.5.jar;C:\Users\Tryphène\.m2\repository\com\fasterxml\jackson\core\jackson-core\2.13.5\jackson-core-2.13.5.jar;C:\Users\Tryphène\.m2\repository\com\mysql\mysql-connector-j\8.0.33\mysql-connector-j-8.0.33.jar;C:\Users\Tryphène\.m2\repository\org\projectlombok\lombok\1.18.28\lombok-1.18.28.jar;C:\Users\Tryphène\.m2\repository\jakarta\xml\bind\jakarta.xml.bind-api\2.3.3\jakarta.xml.bind-api-2.3.3.jar;C:\Users\Tryphène\.m2\repository\jakarta\activation\jakarta.activation-api\1.2.2\jakarta.activation-api-1.2.2.jar;C:\Users\Tryphène\.m2\repository\org\springframework\spring-core\5.3.28\spring-core-5.3.28.jar;C:\Users\Tryphène\.m2\repository\org\springframework\spring-jcl\5.3.28\spring-jcl-5.3.28.jar com.api.conservatoiresaintviateur.ConservatoireSaintViateurApplication
18:22:37.364 [Thread-0] DEBUG org.springframework.boot.devtools.restart.classloader.RestartClassLoader - Created RestartClassLoader org.springframework.boot.devtools.restart.classloader.RestartClassLoader@4ca422e5

  .   ____          _            __ _ _
 /\\ / ___'_ __ _ _(_)_ __  __ _ \ \ \ \
( ( )\___ | '_ | '_| | '_ \/ _` | \ \ \ \
 \\/  ___)| |_)| | | | | || (_| |  ) ) ) )
  '  |____| .__|_| |_|_| |_\__, | / / / /
 =========|_|==============|___/=/_/_/_/
 :: Spring Boot ::               (v2.7.13)

2024-01-26 18:22:38.294  INFO 31076 --- [  restartedMain] a.c.ConservatoireSaintViateurApplication : Starting ConservatoireSaintViateurApplication using Java 19.0.2 on Try-Windows with PID 31076 (C:\java\conservatoire-saint-viateur6\conservatoire-saint-viateur\target\classes started by Tryphène in C:\java\conservatoire-saint-viateur6)
2024-01-26 18:22:38.297  INFO 31076 --- [  restartedMain] a.c.ConservatoireSaintViateurApplication : No active profile set, falling back to 1 default profile: "default"
2024-01-26 18:22:38.483  INFO 31076 --- [  restartedMain] .e.DevToolsPropertyDefaultsPostProcessor : Devtools property defaults active! Set 'spring.devtools.add-properties' to 'false' to disable
2024-01-26 18:22:38.484  INFO 31076 --- [  restartedMain] .e.DevToolsPropertyDefaultsPostProcessor : For additional web related logging consider setting the 'logging.level.web' property to 'DEBUG'
2024-01-26 18:22:40.087  INFO 31076 --- [  restartedMain] .s.d.r.c.RepositoryConfigurationDelegate : Bootstrapping Spring Data JPA repositories in DEFAULT mode.
2024-01-26 18:22:40.383  INFO 31076 --- [  restartedMain] .s.d.r.c.RepositoryConfigurationDelegate : Finished Spring Data repository scanning in 278 ms. Found 15 JPA repository interfaces.
2024-01-26 18:22:42.193  INFO 31076 --- [  restartedMain] o.s.b.w.embedded.tomcat.TomcatWebServer  : Tomcat initialized with port(s): 8081 (http)
2024-01-26 18:22:42.215  INFO 31076 --- [  restartedMain] o.apache.catalina.core.StandardService   : Starting service [Tomcat]
2024-01-26 18:22:42.216  INFO 31076 --- [  restartedMain] org.apache.catalina.core.StandardEngine  : Starting Servlet engine: [Apache Tomcat/9.0.76]
2024-01-26 18:22:42.441  INFO 31076 --- [  restartedMain] o.a.c.c.C.[Tomcat].[localhost].[/]       : Initializing Spring embedded WebApplicationContext
2024-01-26 18:22:42.443  INFO 31076 --- [  restartedMain] w.s.c.ServletWebServerApplicationContext : Root WebApplicationContext: initialization completed in 3958 ms
2024-01-26 18:22:42.596  WARN 31076 --- [  restartedMain] JpaBaseConfiguration$JpaWebConfiguration : spring.jpa.open-in-view is enabled by default. Therefore, database queries may be performed during view rendering. Explicitly configure spring.jpa.open-in-view to disable this warning
2024-01-26 18:22:42.945  INFO 31076 --- [  restartedMain] o.hibernate.jpa.internal.util.LogHelper  : HHH000204: Processing PersistenceUnitInfo [name: default]
2024-01-26 18:22:43.032  INFO 31076 --- [  restartedMain] org.hibernate.Version                    : HHH000412: Hibernate ORM core version 5.6.15.Final
2024-01-26 18:22:43.352  INFO 31076 --- [  restartedMain] o.hibernate.annotations.common.Version   : HCANN000001: Hibernate Commons Annotations {5.1.2.Final}
2024-01-26 18:22:43.538  INFO 31076 --- [  restartedMain] com.zaxxer.hikari.HikariDataSource       : HikariPool-1 - Starting...
2024-01-26 18:22:44.162  INFO 31076 --- [  restartedMain] com.zaxxer.hikari.HikariDataSource       : HikariPool-1 - Start completed.
2024-01-26 18:22:44.188  INFO 31076 --- [  restartedMain] org.hibernate.dialect.Dialect            : HHH000400: Using dialect: org.hibernate.dialect.MySQL5Dialect
2024-01-26 18:22:47.088  WARN 31076 --- [  restartedMain] o.h.t.s.i.ExceptionHandlerLoggedImpl     : GenerationTarget encountered exception accepting command : Error executing DDL "alter table professeur add constraint UK_ir8458an2olys4ernof16hcv2 unique (auth_token)" via JDBC Statement

org.hibernate.tool.schema.spi.CommandAcceptanceException: Error executing DDL "alter table professeur add constraint UK_ir8458an2olys4ernof16hcv2 unique (auth_token)" via JDBC Statement
	at org.hibernate.tool.schema.internal.exec.GenerationTargetToDatabase.accept(GenerationTargetToDatabase.java:67) ~[hibernate-core-5.6.15.Final.jar:5.6.15.Final]
	at org.hibernate.tool.schema.internal.SchemaCreatorImpl.applySqlString(SchemaCreatorImpl.java:458) ~[hibernate-core-5.6.15.Final.jar:5.6.15.Final]
	at org.hibernate.tool.schema.internal.SchemaCreatorImpl.applySqlStrings(SchemaCreatorImpl.java:442) ~[hibernate-core-5.6.15.Final.jar:5.6.15.Final]
	at org.hibernate.tool.schema.internal.SchemaCreatorImpl.createFromMetadata(SchemaCreatorImpl.java:361) ~[hibernate-core-5.6.15.Final.jar:5.6.15.Final]
	at org.hibernate.tool.schema.internal.SchemaCreatorImpl.performCreation(SchemaCreatorImpl.java:169) ~[hibernate-core-5.6.15.Final.jar:5.6.15.Final]
	at org.hibernate.tool.schema.internal.SchemaCreatorImpl.doCreation(SchemaCreatorImpl.java:138) ~[hibernate-core-5.6.15.Final.jar:5.6.15.Final]
	at org.hibernate.tool.schema.internal.SchemaCreatorImpl.doCreation(SchemaCreatorImpl.java:124) ~[hibernate-core-5.6.15.Final.jar:5.6.15.Final]
	at org.hibernate.tool.schema.spi.SchemaManagementToolCoordinator.performDatabaseAction(SchemaManagementToolCoordinator.java:168) ~[hibernate-core-5.6.15.Final.jar:5.6.15.Final]
	at org.hibernate.tool.schema.spi.SchemaManagementToolCoordinator.process(SchemaManagementToolCoordinator.java:85) ~[hibernate-core-5.6.15.Final.jar:5.6.15.Final]
	at org.hibernate.internal.SessionFactoryImpl.<init>(SessionFactoryImpl.java:335) ~[hibernate-core-5.6.15.Final.jar:5.6.15.Final]
	at org.hibernate.boot.internal.SessionFactoryBuilderImpl.build(SessionFactoryBuilderImpl.java:471) ~[hibernate-core-5.6.15.Final.jar:5.6.15.Final]
	at org.hibernate.jpa.boot.internal.EntityManagerFactoryBuilderImpl.build(EntityManagerFactoryBuilderImpl.java:1498) ~[hibernate-core-5.6.15.Final.jar:5.6.15.Final]
	at org.springframework.orm.jpa.vendor.SpringHibernateJpaPersistenceProvider.createContainerEntityManagerFactory(SpringHibernateJpaPersistenceProvider.java:58) ~[spring-orm-5.3.28.jar:5.3.28]
	at org.springframework.orm.jpa.LocalContainerEntityManagerFactoryBean.createNativeEntityManagerFactory(LocalContainerEntityManagerFactoryBean.java:365) ~[spring-orm-5.3.28.jar:5.3.28]
	at org.springframework.orm.jpa.AbstractEntityManagerFactoryBean.buildNativeEntityManagerFactory(AbstractEntityManagerFactoryBean.java:409) ~[spring-orm-5.3.28.jar:5.3.28]
	at org.springframework.orm.jpa.AbstractEntityManagerFactoryBean.afterPropertiesSet(AbstractEntityManagerFactoryBean.java:396) ~[spring-orm-5.3.28.jar:5.3.28]
	at org.springframework.orm.jpa.LocalContainerEntityManagerFactoryBean.afterPropertiesSet(LocalContainerEntityManagerFactoryBean.java:341) ~[spring-orm-5.3.28.jar:5.3.28]
	at org.springframework.beans.factory.support.AbstractAutowireCapableBeanFactory.invokeInitMethods(AbstractAutowireCapableBeanFactory.java:1863) ~[spring-beans-5.3.28.jar:5.3.28]
	at org.springframework.beans.factory.support.AbstractAutowireCapableBeanFactory.initializeBean(AbstractAutowireCapableBeanFactory.java:1800) ~[spring-beans-5.3.28.jar:5.3.28]
	at org.springframework.beans.factory.support.AbstractAutowireCapableBeanFactory.doCreateBean(AbstractAutowireCapableBeanFactory.java:620) ~[spring-beans-5.3.28.jar:5.3.28]
	at org.springframework.beans.factory.support.AbstractAutowireCapableBeanFactory.createBean(AbstractAutowireCapableBeanFactory.java:542) ~[spring-beans-5.3.28.jar:5.3.28]
	at org.springframework.beans.factory.support.AbstractBeanFactory.lambda$doGetBean$0(AbstractBeanFactory.java:335) ~[spring-beans-5.3.28.jar:5.3.28]
	at org.springframework.beans.factory.support.DefaultSingletonBeanRegistry.getSingleton(DefaultSingletonBeanRegistry.java:234) ~[spring-beans-5.3.28.jar:5.3.28]
	at org.springframework.beans.factory.support.AbstractBeanFactory.doGetBean(AbstractBeanFactory.java:333) ~[spring-beans-5.3.28.jar:5.3.28]
	at org.springframework.beans.factory.support.AbstractBeanFactory.getBean(AbstractBeanFactory.java:233) ~[spring-beans-5.3.28.jar:5.3.28]
	at org.springframework.beans.factory.support.DefaultListableBeanFactory.resolveNamedBean(DefaultListableBeanFactory.java:1284) ~[spring-beans-5.3.28.jar:5.3.28]
	at org.springframework.beans.factory.support.DefaultListableBeanFactory.resolveNamedBean(DefaultListableBeanFactory.java:1245) ~[spring-beans-5.3.28.jar:5.3.28]
	at org.springframework.beans.factory.support.DefaultListableBeanFactory.resolveBean(DefaultListableBeanFactory.java:494) ~[spring-beans-5.3.28.jar:5.3.28]
	at org.springframework.beans.factory.support.DefaultListableBeanFactory.getBean(DefaultListableBeanFactory.java:349) ~[spring-beans-5.3.28.jar:5.3.28]
	at org.springframework.beans.factory.support.DefaultListableBeanFactory.getBean(DefaultListableBeanFactory.java:342) ~[spring-beans-5.3.28.jar:5.3.28]
	at org.springframework.orm.jpa.EntityManagerFactoryUtils.findEntityManagerFactory(EntityManagerFactoryUtils.java:121) ~[spring-orm-5.3.28.jar:5.3.28]
	at org.springframework.orm.jpa.EntityManagerFactoryAccessor.setBeanFactory(EntityManagerFactoryAccessor.java:155) ~[spring-orm-5.3.28.jar:5.3.28]
	at org.springframework.beans.factory.support.AbstractAutowireCapableBeanFactory.invokeAwareMethods(AbstractAutowireCapableBeanFactory.java:1826) ~[spring-beans-5.3.28.jar:5.3.28]
	at org.springframework.beans.factory.support.AbstractAutowireCapableBeanFactory.initializeBean(AbstractAutowireCapableBeanFactory.java:1791) ~[spring-beans-5.3.28.jar:5.3.28]
	at org.springframework.beans.factory.support.AbstractAutowireCapableBeanFactory.doCreateBean(AbstractAutowireCapableBeanFactory.java:620) ~[spring-beans-5.3.28.jar:5.3.28]
	at org.springframework.beans.factory.support.AbstractAutowireCapableBeanFactory.createBean(AbstractAutowireCapableBeanFactory.java:542) ~[spring-beans-5.3.28.jar:5.3.28]
	at org.springframework.beans.factory.support.AbstractBeanFactory.lambda$doGetBean$0(AbstractBeanFactory.java:335) ~[spring-beans-5.3.28.jar:5.3.28]
	at org.springframework.beans.factory.support.DefaultSingletonBeanRegistry.getSingleton(DefaultSingletonBeanRegistry.java:234) ~[spring-beans-5.3.28.jar:5.3.28]
	at org.springframework.beans.factory.support.AbstractBeanFactory.doGetBean(AbstractBeanFactory.java:333) ~[spring-beans-5.3.28.jar:5.3.28]
	at org.springframework.beans.factory.support.AbstractBeanFactory.getBean(AbstractBeanFactory.java:208) ~[spring-beans-5.3.28.jar:5.3.28]
	at org.springframework.beans.factory.config.DependencyDescriptor.resolveCandidate(DependencyDescriptor.java:276) ~[spring-beans-5.3.28.jar:5.3.28]
	at org.springframework.beans.factory.support.DefaultListableBeanFactory.doResolveDependency(DefaultListableBeanFactory.java:1391) ~[spring-beans-5.3.28.jar:5.3.28]
	at org.springframework.beans.factory.support.DefaultListableBeanFactory.resolveDependency(DefaultListableBeanFactory.java:1311) ~[spring-beans-5.3.28.jar:5.3.28]
	at org.springframework.beans.factory.support.ConstructorResolver.resolveAutowiredArgument(ConstructorResolver.java:887) ~[spring-beans-5.3.28.jar:5.3.28]
	at org.springframework.beans.factory.support.ConstructorResolver.createArgumentArray(ConstructorResolver.java:791) ~[spring-beans-5.3.28.jar:5.3.28]
	at org.springframework.beans.factory.support.ConstructorResolver.instantiateUsingFactoryMethod(ConstructorResolver.java:541) ~[spring-beans-5.3.28.jar:5.3.28]
	at org.springframework.beans.factory.support.AbstractAutowireCapableBeanFactory.instantiateUsingFactoryMethod(AbstractAutowireCapableBeanFactory.java:1352) ~[spring-beans-5.3.28.jar:5.3.28]
	at org.springframework.beans.factory.support.AbstractAutowireCapableBeanFactory.createBeanInstance(AbstractAutowireCapableBeanFactory.java:1195) ~[spring-beans-5.3.28.jar:5.3.28]
	at org.springframework.beans.factory.support.AbstractAutowireCapableBeanFactory.doCreateBean(AbstractAutowireCapableBeanFactory.java:582) ~[spring-beans-5.3.28.jar:5.3.28]
	at org.springframework.beans.factory.support.AbstractAutowireCapableBeanFactory.createBean(AbstractAutowireCapableBeanFactory.java:542) ~[spring-beans-5.3.28.jar:5.3.28]
	at org.springframework.beans.factory.support.AbstractBeanFactory.lambda$doGetBean$0(AbstractBeanFactory.java:335) ~[spring-beans-5.3.28.jar:5.3.28]
	at org.springframework.beans.factory.support.DefaultSingletonBeanRegistry.getSingleton(DefaultSingletonBeanRegistry.java:234) ~[spring-beans-5.3.28.jar:5.3.28]
	at org.springframework.beans.factory.support.AbstractBeanFactory.doGetBean(AbstractBeanFactory.java:333) ~[spring-beans-5.3.28.jar:5.3.28]
	at org.springframework.beans.factory.support.AbstractBeanFactory.getBean(AbstractBeanFactory.java:208) ~[spring-beans-5.3.28.jar:5.3.28]
	at org.springframework.beans.factory.config.DependencyDescriptor.resolveCandidate(DependencyDescriptor.java:276) ~[spring-beans-5.3.28.jar:5.3.28]
	at org.springframework.beans.factory.support.DefaultListableBeanFactory.addCandidateEntry(DefaultListableBeanFactory.java:1609) ~[spring-beans-5.3.28.jar:5.3.28]
	at org.springframework.beans.factory.support.DefaultListableBeanFactory.findAutowireCandidates(DefaultListableBeanFactory.java:1573) ~[spring-beans-5.3.28.jar:5.3.28]
	at org.springframework.beans.factory.support.DefaultListableBeanFactory.resolveMultipleBeans(DefaultListableBeanFactory.java:1462) ~[spring-beans-5.3.28.jar:5.3.28]
	at org.springframework.beans.factory.support.DefaultListableBeanFactory.doResolveDependency(DefaultListableBeanFactory.java:1349) ~[spring-beans-5.3.28.jar:5.3.28]
	at org.springframework.beans.factory.support.DefaultListableBeanFactory.resolveDependency(DefaultListableBeanFactory.java:1311) ~[spring-beans-5.3.28.jar:5.3.28]
	at org.springframework.beans.factory.annotation.AutowiredAnnotationBeanPostProcessor$AutowiredMethodElement.resolveMethodArguments(AutowiredAnnotationBeanPostProcessor.java:760) ~[spring-beans-5.3.28.jar:5.3.28]
	at org.springframework.beans.factory.annotation.AutowiredAnnotationBeanPostProcessor$AutowiredMethodElement.inject(AutowiredAnnotationBeanPostProcessor.java:720) ~[spring-beans-5.3.28.jar:5.3.28]
	at org.springframework.beans.factory.annotation.InjectionMetadata.inject(InjectionMetadata.java:119) ~[spring-beans-5.3.28.jar:5.3.28]
	at org.springframework.beans.factory.annotation.AutowiredAnnotationBeanPostProcessor.postProcessProperties(AutowiredAnnotationBeanPostProcessor.java:399) ~[spring-beans-5.3.28.jar:5.3.28]
	at org.springframework.beans.factory.support.AbstractAutowireCapableBeanFactory.populateBean(AbstractAutowireCapableBeanFactory.java:1431) ~[spring-beans-5.3.28.jar:5.3.28]
	at org.springframework.beans.factory.support.AbstractAutowireCapableBeanFactory.doCreateBean(AbstractAutowireCapableBeanFactory.java:619) ~[spring-beans-5.3.28.jar:5.3.28]
	at org.springframework.beans.factory.support.AbstractAutowireCapableBeanFactory.createBean(AbstractAutowireCapableBeanFactory.java:542) ~[spring-beans-5.3.28.jar:5.3.28]
	at org.springframework.beans.factory.support.AbstractBeanFactory.lambda$doGetBean$0(AbstractBeanFactory.java:335) ~[spring-beans-5.3.28.jar:5.3.28]
	at org.springframework.beans.factory.support.DefaultSingletonBeanRegistry.getSingleton(DefaultSingletonBeanRegistry.java:234) ~[spring-beans-5.3.28.jar:5.3.28]
	at org.springframework.beans.factory.support.AbstractBeanFactory.doGetBean(AbstractBeanFactory.java:333) ~[spring-beans-5.3.28.jar:5.3.28]
	at org.springframework.beans.factory.support.AbstractBeanFactory.getBean(AbstractBeanFactory.java:208) ~[spring-beans-5.3.28.jar:5.3.28]
	at org.springframework.beans.factory.support.ConstructorResolver.instantiateUsingFactoryMethod(ConstructorResolver.java:410) ~[spring-beans-5.3.28.jar:5.3.28]
	at org.springframework.beans.factory.support.AbstractAutowireCapableBeanFactory.instantiateUsingFactoryMethod(AbstractAutowireCapableBeanFactory.java:1352) ~[spring-beans-5.3.28.jar:5.3.28]
	at org.springframework.beans.factory.support.AbstractAutowireCapableBeanFactory.createBeanInstance(AbstractAutowireCapableBeanFactory.java:1195) ~[spring-beans-5.3.28.jar:5.3.28]
	at org.springframework.beans.factory.support.AbstractAutowireCapableBeanFactory.doCreateBean(AbstractAutowireCapableBeanFactory.java:582) ~[spring-beans-5.3.28.jar:5.3.28]
	at org.springframework.beans.factory.support.AbstractAutowireCapableBeanFactory.createBean(AbstractAutowireCapableBeanFactory.java:542) ~[spring-beans-5.3.28.jar:5.3.28]
	at org.springframework.beans.factory.support.AbstractBeanFactory.lambda$doGetBean$0(AbstractBeanFactory.java:335) ~[spring-beans-5.3.28.jar:5.3.28]
	at org.springframework.beans.factory.support.DefaultSingletonBeanRegistry.getSingleton(DefaultSingletonBeanRegistry.java:234) ~[spring-beans-5.3.28.jar:5.3.28]
	at org.springframework.beans.factory.support.AbstractBeanFactory.doGetBean(AbstractBeanFactory.java:333) ~[spring-beans-5.3.28.jar:5.3.28]
	at org.springframework.beans.factory.support.AbstractBeanFactory.getBean(AbstractBeanFactory.java:208) ~[spring-beans-5.3.28.jar:5.3.28]
	at org.springframework.beans.factory.config.DependencyDescriptor.resolveCandidate(DependencyDescriptor.java:276) ~[spring-beans-5.3.28.jar:5.3.28]
	at org.springframework.beans.factory.support.DefaultListableBeanFactory.doResolveDependency(DefaultListableBeanFactory.java:1391) ~[spring-beans-5.3.28.jar:5.3.28]
	at org.springframework.beans.factory.support.DefaultListableBeanFactory.resolveDependency(DefaultListableBeanFactory.java:1311) ~[spring-beans-5.3.28.jar:5.3.28]
	at org.springframework.beans.factory.annotation.AutowiredAnnotationBeanPostProcessor$AutowiredMethodElement.resolveMethodArguments(AutowiredAnnotationBeanPostProcessor.java:760) ~[spring-beans-5.3.28.jar:5.3.28]
	at org.springframework.beans.factory.annotation.AutowiredAnnotationBeanPostProcessor$AutowiredMethodElement.inject(AutowiredAnnotationBeanPostProcessor.java:720) ~[spring-beans-5.3.28.jar:5.3.28]
	at org.springframework.beans.factory.annotation.InjectionMetadata.inject(InjectionMetadata.java:119) ~[spring-beans-5.3.28.jar:5.3.28]
	at org.springframework.beans.factory.annotation.AutowiredAnnotationBeanPostProcessor.postProcessProperties(AutowiredAnnotationBeanPostProcessor.java:399) ~[spring-beans-5.3.28.jar:5.3.28]
	at org.springframework.beans.factory.support.AbstractAutowireCapableBeanFactory.populateBean(AbstractAutowireCapableBeanFactory.java:1431) ~[spring-beans-5.3.28.jar:5.3.28]
	at org.springframework.beans.factory.support.AbstractAutowireCapableBeanFactory.doCreateBean(AbstractAutowireCapableBeanFactory.java:619) ~[spring-beans-5.3.28.jar:5.3.28]
	at org.springframework.beans.factory.support.AbstractAutowireCapableBeanFactory.createBean(AbstractAutowireCapableBeanFactory.java:542) ~[spring-beans-5.3.28.jar:5.3.28]
	at org.springframework.beans.factory.support.AbstractBeanFactory.lambda$doGetBean$0(AbstractBeanFactory.java:335) ~[spring-beans-5.3.28.jar:5.3.28]
	at org.springframework.beans.factory.support.DefaultSingletonBeanRegistry.getSingleton(DefaultSingletonBeanRegistry.java:234) ~[spring-beans-5.3.28.jar:5.3.28]
	at org.springframework.beans.factory.support.AbstractBeanFactory.doGetBean(AbstractBeanFactory.java:333) ~[spring-beans-5.3.28.jar:5.3.28]
	at org.springframework.beans.factory.support.AbstractBeanFactory.getBean(AbstractBeanFactory.java:208) ~[spring-beans-5.3.28.jar:5.3.28]
	at org.springframework.beans.factory.support.ConstructorResolver.instantiateUsingFactoryMethod(ConstructorResolver.java:410) ~[spring-beans-5.3.28.jar:5.3.28]
	at org.springframework.beans.factory.support.AbstractAutowireCapableBeanFactory.instantiateUsingFactoryMethod(AbstractAutowireCapableBeanFactory.java:1352) ~[spring-beans-5.3.28.jar:5.3.28]
	at org.springframework.beans.factory.support.AbstractAutowireCapableBeanFactory.createBeanInstance(AbstractAutowireCapableBeanFactory.java:1195) ~[spring-beans-5.3.28.jar:5.3.28]
	at org.springframework.beans.factory.support.AbstractAutowireCapableBeanFactory.doCreateBean(AbstractAutowireCapableBeanFactory.java:582) ~[spring-beans-5.3.28.jar:5.3.28]
	at org.springframework.beans.factory.support.AbstractAutowireCapableBeanFactory.createBean(AbstractAutowireCapableBeanFactory.java:542) ~[spring-beans-5.3.28.jar:5.3.28]
	at org.springframework.beans.factory.support.AbstractBeanFactory.lambda$doGetBean$0(AbstractBeanFactory.java:335) ~[spring-beans-5.3.28.jar:5.3.28]
	at org.springframework.beans.factory.support.DefaultSingletonBeanRegistry.getSingleton(DefaultSingletonBeanRegistry.java:234) ~[spring-beans-5.3.28.jar:5.3.28]
	at org.springframework.beans.factory.support.AbstractBeanFactory.doGetBean(AbstractBeanFactory.java:333) ~[spring-beans-5.3.28.jar:5.3.28]
	at org.springframework.beans.factory.support.AbstractBeanFactory.getBean(AbstractBeanFactory.java:213) ~[spring-beans-5.3.28.jar:5.3.28]
	at org.springframework.boot.web.servlet.ServletContextInitializerBeans.getOrderedBeansOfType(ServletContextInitializerBeans.java:213) ~[spring-boot-2.7.13.jar:2.7.13]
	at org.springframework.boot.web.servlet.ServletContextInitializerBeans.addAsRegistrationBean(ServletContextInitializerBeans.java:176) ~[spring-boot-2.7.13.jar:2.7.13]
	at org.springframework.boot.web.servlet.ServletContextInitializerBeans.addAsRegistrationBean(ServletContextInitializerBeans.java:171) ~[spring-boot-2.7.13.jar:2.7.13]
	at org.springframework.boot.web.servlet.ServletContextInitializerBeans.addAdaptableBeans(ServletContextInitializerBeans.java:156) ~[spring-boot-2.7.13.jar:2.7.13]
	at org.springframework.boot.web.servlet.ServletContextInitializerBeans.<init>(ServletContextInitializerBeans.java:87) ~[spring-boot-2.7.13.jar:2.7.13]
	at org.springframework.boot.web.servlet.context.ServletWebServerApplicationContext.getServletContextInitializerBeans(ServletWebServerApplicationContext.java:262) ~[spring-boot-2.7.13.jar:2.7.13]
	at org.springframework.boot.web.servlet.context.ServletWebServerApplicationContext.selfInitialize(ServletWebServerApplicationContext.java:236) ~[spring-boot-2.7.13.jar:2.7.13]
	at org.springframework.boot.web.embedded.tomcat.TomcatStarter.onStartup(TomcatStarter.java:53) ~[spring-boot-2.7.13.jar:2.7.13]
	at org.apache.catalina.core.StandardContext.startInternal(StandardContext.java:4936) ~[tomcat-embed-core-9.0.76.jar:9.0.76]
	at org.apache.catalina.util.LifecycleBase.start(LifecycleBase.java:183) ~[tomcat-embed-core-9.0.76.jar:9.0.76]
	at org.apache.catalina.core.ContainerBase$StartChild.call(ContainerBase.java:1328) ~[tomcat-embed-core-9.0.76.jar:9.0.76]
	at org.apache.catalina.core.ContainerBase$StartChild.call(ContainerBase.java:1318) ~[tomcat-embed-core-9.0.76.jar:9.0.76]
	at java.base/java.util.concurrent.FutureTask.run(FutureTask.java:317) ~[na:na]
	at org.apache.tomcat.util.threads.InlineExecutorService.execute(InlineExecutorService.java:75) ~[tomcat-embed-core-9.0.76.jar:9.0.76]
	at java.base/java.util.concurrent.AbstractExecutorService.submit(AbstractExecutorService.java:145) ~[na:na]
	at org.apache.catalina.core.ContainerBase.startInternal(ContainerBase.java:866) ~[tomcat-embed-core-9.0.76.jar:9.0.76]
	at org.apache.catalina.core.StandardHost.startInternal(StandardHost.java:795) ~[tomcat-embed-core-9.0.76.jar:9.0.76]
	at org.apache.catalina.util.LifecycleBase.start(LifecycleBase.java:183) ~[tomcat-embed-core-9.0.76.jar:9.0.76]
	at org.apache.catalina.core.ContainerBase$StartChild.call(ContainerBase.java:1328) ~[tomcat-embed-core-9.0.76.jar:9.0.76]
	at org.apache.catalina.core.ContainerBase$StartChild.call(ContainerBase.java:1318) ~[tomcat-embed-core-9.0.76.jar:9.0.76]
	at java.base/java.util.concurrent.FutureTask.run(FutureTask.java:317) ~[na:na]
	at org.apache.tomcat.util.threads.InlineExecutorService.execute(InlineExecutorService.java:75) ~[tomcat-embed-core-9.0.76.jar:9.0.76]
	at java.base/java.util.concurrent.AbstractExecutorService.submit(AbstractExecutorService.java:145) ~[na:na]
	at org.apache.catalina.core.ContainerBase.startInternal(ContainerBase.java:866) ~[tomcat-embed-core-9.0.76.jar:9.0.76]
	at org.apache.catalina.core.StandardEngine.startInternal(StandardEngine.java:249) ~[tomcat-embed-core-9.0.76.jar:9.0.76]
	at org.apache.catalina.util.LifecycleBase.start(LifecycleBase.java:183) ~[tomcat-embed-core-9.0.76.jar:9.0.76]
	at org.apache.catalina.core.StandardService.startInternal(StandardService.java:428) ~[tomcat-embed-core-9.0.76.jar:9.0.76]
	at org.apache.catalina.util.LifecycleBase.start(LifecycleBase.java:183) ~[tomcat-embed-core-9.0.76.jar:9.0.76]
	at org.apache.catalina.core.StandardServer.startInternal(StandardServer.java:923) ~[tomcat-embed-core-9.0.76.jar:9.0.76]
	at org.apache.catalina.util.LifecycleBase.start(LifecycleBase.java:183) ~[tomcat-embed-core-9.0.76.jar:9.0.76]
	at org.apache.catalina.startup.Tomcat.start(Tomcat.java:486) ~[tomcat-embed-core-9.0.76.jar:9.0.76]
	at org.springframework.boot.web.embedded.tomcat.TomcatWebServer.initialize(TomcatWebServer.java:123) ~[spring-boot-2.7.13.jar:2.7.13]
	at org.springframework.boot.web.embedded.tomcat.TomcatWebServer.<init>(TomcatWebServer.java:104) ~[spring-boot-2.7.13.jar:2.7.13]
	at org.springframework.boot.web.embedded.tomcat.TomcatServletWebServerFactory.getTomcatWebServer(TomcatServletWebServerFactory.java:481) ~[spring-boot-2.7.13.jar:2.7.13]
	at org.springframework.boot.web.embedded.tomcat.TomcatServletWebServerFactory.getWebServer(TomcatServletWebServerFactory.java:211) ~[spring-boot-2.7.13.jar:2.7.13]
	at org.springframework.boot.web.servlet.context.ServletWebServerApplicationContext.createWebServer(ServletWebServerApplicationContext.java:184) ~[spring-boot-2.7.13.jar:2.7.13]
	at org.springframework.boot.web.servlet.context.ServletWebServerApplicationContext.onRefresh(ServletWebServerApplicationContext.java:162) ~[spring-boot-2.7.13.jar:2.7.13]
	at org.springframework.context.support.AbstractApplicationContext.refresh(AbstractApplicationContext.java:577) ~[spring-context-5.3.28.jar:5.3.28]
	at org.springframework.boot.web.servlet.context.ServletWebServerApplicationContext.refresh(ServletWebServerApplicationContext.java:147) ~[spring-boot-2.7.13.jar:2.7.13]
	at org.springframework.boot.SpringApplication.refresh(SpringApplication.java:731) ~[spring-boot-2.7.13.jar:2.7.13]
	at org.springframework.boot.SpringApplication.refreshContext(SpringApplication.java:408) ~[spring-boot-2.7.13.jar:2.7.13]
	at org.springframework.boot.SpringApplication.run(SpringApplication.java:307) ~[spring-boot-2.7.13.jar:2.7.13]
	at org.springframework.boot.SpringApplication.run(SpringApplication.java:1303) ~[spring-boot-2.7.13.jar:2.7.13]
	at org.springframework.boot.SpringApplication.run(SpringApplication.java:1292) ~[spring-boot-2.7.13.jar:2.7.13]
	at com.api.conservatoiresaintviateur.ConservatoireSaintViateurApplication.main(ConservatoireSaintViateurApplication.java:24) ~[classes/:na]
	at java.base/jdk.internal.reflect.DirectMethodHandleAccessor.invoke(DirectMethodHandleAccessor.java:104) ~[na:na]
	at java.base/java.lang.reflect.Method.invoke(Method.java:578) ~[na:na]
	at org.springframework.boot.devtools.restart.RestartLauncher.run(RestartLauncher.java:50) ~[spring-boot-devtools-2.7.13.jar:2.7.13]
Caused by: java.sql.SQLSyntaxErrorException: Specified key was too long; max key length is 1000 bytes
	at com.mysql.cj.jdbc.exceptions.SQLError.createSQLException(SQLError.java:121) ~[mysql-connector-j-8.0.33.jar:8.0.33]
	at com.mysql.cj.jdbc.exceptions.SQLExceptionsMapping.translateException(SQLExceptionsMapping.java:122) ~[mysql-connector-j-8.0.33.jar:8.0.33]
	at com.mysql.cj.jdbc.StatementImpl.executeInternal(StatementImpl.java:763) ~[mysql-connector-j-8.0.33.jar:8.0.33]
	at com.mysql.cj.jdbc.StatementImpl.execute(StatementImpl.java:648) ~[mysql-connector-j-8.0.33.jar:8.0.33]
	at com.zaxxer.hikari.pool.ProxyStatement.execute(ProxyStatement.java:94) ~[HikariCP-4.0.3.jar:na]
	at com.zaxxer.hikari.pool.HikariProxyStatement.execute(HikariProxyStatement.java) ~[HikariCP-4.0.3.jar:na]
	at org.hibernate.tool.schema.internal.exec.GenerationTargetToDatabase.accept(GenerationTargetToDatabase.java:54) ~[hibernate-core-5.6.15.Final.jar:5.6.15.Final]
	... 150 common frames omitted

2024-01-26 18:22:48.855  INFO 31076 --- [  restartedMain] o.h.e.t.j.p.i.JtaPlatformInitiator       : HHH000490: Using JtaPlatform implementation: [org.hibernate.engine.transaction.jta.platform.internal.NoJtaPlatform]
2024-01-26 18:22:48.872  INFO 31076 --- [  restartedMain] j.LocalContainerEntityManagerFactoryBean : Initialized JPA EntityManagerFactory for persistence unit 'default'
2024-01-26 18:22:52.256  INFO 31076 --- [  restartedMain] o.s.s.web.DefaultSecurityFilterChain     : Will secure any request with [org.springframework.security.web.session.DisableEncodeUrlFilter@753df7b5, org.springframework.security.web.context.request.async.WebAsyncManagerIntegrationFilter@7bf87dda, org.springframework.security.web.context.SecurityContextPersistenceFilter@7af5dc47, org.springframework.security.web.header.HeaderWriterFilter@487d796f, org.springframework.security.web.authentication.logout.LogoutFilter@6f9a6892, com.api.conservatoiresaintviateur.config.JwtRequestFilter@257c47ad, org.springframework.security.web.savedrequest.RequestCacheAwareFilter@5a62d915, org.springframework.security.web.servletapi.SecurityContextHolderAwareRequestFilter@4d3e6e6a, org.springframework.security.web.authentication.AnonymousAuthenticationFilter@40701e7d, org.springframework.security.web.session.SessionManagementFilter@4a0b9f46, org.springframework.security.web.access.ExceptionTranslationFilter@8fa3ae5, org.springframework.security.web.access.intercept.FilterSecurityInterceptor@2c1d9d52]
2024-01-26 18:22:53.134  INFO 31076 --- [  restartedMain] o.s.b.d.a.OptionalLiveReloadServer       : LiveReload server is running on port 35729
2024-01-26 18:22:53.234  INFO 31076 --- [  restartedMain] o.s.b.w.embedded.tomcat.TomcatWebServer  : Tomcat started on port(s): 8081 (http) with context path ''
2024-01-26T18:22
2024-01-26 18:22:53.276  INFO 31076 --- [  restartedMain] a.c.ConservatoireSaintViateurApplication : Started ConservatoireSaintViateurApplication in 15.881 seconds (JVM running for 16.844)
